<component name="libraryTable">
  <library name="junit-4.12">
    <CLASSES>
      <root url="jar://E:/教程/CGB1909/第二阶段-javaweb/dependency/dependency/junit-4.12.jar!/" />
    </CLASSES>
    <JAVADOC />
    <SOURCES />
  </library>
</component>